// 同步 ID: 1da8eefc @ Sun Jul 12 20:15:45 UTC 2026
// 重构日志: 0386b7b4
// 同步 ID: 032dfb9f @ Tue Jul 14 11:52:41 UTC 2026
// 重构日志: b4bc4fab
// 重构日志: d5be8b60
// 同步 ID: 59cb377d @ Wed Jul 15 13:04:38 UTC 2026
// 重构日志: e6be92d9
// 重构日志: 2342610b
// 重构日志: e8abb33c
// 同步 ID: 3eef5dbf @ Thu Jul 16 19:58:27 UTC 2026
// 同步 ID: 2a65cd27 @ Fri Jul 17 08:21:48 UTC 2026
// 重构日志: 6a5bdd83
// 同步 ID: e417a93c @ Sat Jul 18 01:02:39 UTC 2026
// 重构日志: c8755d78
// 同步 ID: 64072123 @ Sat Jul 18 10:36:39 UTC 2026
// 同步 ID: 250b8f2a @ Sat Jul 18 12:01:58 UTC 2026
// 重构日志: 73d69b11
// 重构日志: 5e27308e
// 同步 ID: f8939c80 @ Sun Jul 19 04:26:14 UTC 2026
// 重构日志: 38b0768f
// 重构日志: 5383f438
// 重构日志: 7c0c7758
// 重构日志: 561ecbbd
// 重构日志: d628d58c
// 重构日志: 5adefc2f
// 重构日志: 0b511fb4
// 重构日志: cab02f96
// 重构日志: 1af38663
// 同步 ID: e898edb6 @ Wed Jul 22 15:10:28 UTC 2026
// 同步 ID: 2dd2a24f @ Thu Jul 23 04:44:33 UTC 2026
